c:\users\victor\desktop\projecte mp\practica\2. platforms\0. windows desktop\debug\vc141.pdb
c:\users\victor\desktop\projecte mp\practica\2. platforms\0. windows desktop\debug\vc141.idb
c:\users\victor\desktop\projecte mp\practica\2. platforms\0. windows desktop\debug\main.obj
c:\users\victor\desktop\projecte mp\practica\2. platforms\0. windows desktop\debug\joc.obj
c:\users\victor\desktop\projecte mp\practica\2. platforms\0. windows desktop\debug\video.obj
c:\users\victor\desktop\projecte mp\practica\2. platforms\0. windows desktop\debug\stb_vorbis.obj
c:\users\victor\desktop\projecte mp\practica\2. platforms\0. windows desktop\debug\sprites.obj
c:\users\victor\desktop\projecte mp\practica\2. platforms\0. windows desktop\debug\sound.obj
c:\users\victor\desktop\projecte mp\practica\2. platforms\0. windows desktop\debug\nfont.obj
c:\users\victor\desktop\projecte mp\practica\2. platforms\0. windows desktop\debug\mouse.obj
c:\users\victor\desktop\projecte mp\practica\2. platforms\0. windows desktop\debug\keyboard.obj
c:\users\victor\desktop\projecte mp\practica\2. platforms\0. windows desktop\debug\image_png.obj
c:\users\victor\desktop\projecte mp\practica\2. platforms\0. windows desktop\debug\debug.obj
c:\users\victor\desktop\projecte mp\practica\2. platforms\0. windows desktop\debug\boto.obj
c:\users\victor\desktop\projecte mp\practica\2. platforms\0. windows desktop\debug\estats.obj
c:\users\victor\desktop\projecte mp\practica\2. platforms\0. windows desktop\debug\sdl_fontcache.obj
c:\users\victor\desktop\projecte mp\practica\2. platforms\0. windows desktop\debug\tauler.obj
c:\users\victor\desktop\projecte mp\practica\2. platforms\0. windows desktop\debug\columnes.obj
c:\users\victor\desktop\projecte mp\practica\2. platforms\0. windows desktop\debug\lletra.obj
c:\users\victor\desktop\projecte mp\practica\2. platforms\0. windows desktop\debug\taulell.obj
c:\users\victor\desktop\projecte mp\practica\2. platforms\0. windows desktop\debug\abecedari.obj
c:\users\victor\desktop\projecte mp\practica\2. platforms\0. windows desktop\program\letrisgame.exe
c:\users\victor\desktop\projecte mp\practica\2. platforms\0. windows desktop\program\letrisgame.ilk
c:\users\victor\desktop\projecte mp\practica\2. platforms\0. windows desktop\program\letrisgame.pdb
c:\users\victor\desktop\projecte mp\practica\2. platforms\0. windows desktop\debug\columnes.obj.enc
c:\users\victor\desktop\projecte mp\practica\2. platforms\0. windows desktop\\program\letrisgame.pdb
c:\users\victor\desktop\projecte mp\practica\2. platforms\0. windows desktop\\program\letrisgame.exe
c:\users\victor\desktop\projecte mp\practica\2. platforms\0. windows desktop\\program\letrisgame.ilk
c:\users\victor\desktop\projecte mp\practica\2. platforms\0. windows desktop\debug\letrisgame.tlog\cl.command.1.tlog
c:\users\victor\desktop\projecte mp\practica\2. platforms\0. windows desktop\debug\letrisgame.tlog\cl.read.1.tlog
c:\users\victor\desktop\projecte mp\practica\2. platforms\0. windows desktop\debug\letrisgame.tlog\cl.write.1.tlog
c:\users\victor\desktop\projecte mp\practica\2. platforms\0. windows desktop\debug\letrisgame.tlog\link.command.1.tlog
c:\users\victor\desktop\projecte mp\practica\2. platforms\0. windows desktop\debug\letrisgame.tlog\link.read.1.tlog
c:\users\victor\desktop\projecte mp\practica\2. platforms\0. windows desktop\debug\letrisgame.tlog\link.write.1.tlog
